2018-10-23 09:46:58,821 - Import - INFO - 开始导出了--------------new_import
2018-10-23 09:47:22,345 - Import - INFO - 客户管理-->导入客户:导入成功:
2018-10-23 09:47:36,321 - Import - INFO - 客户管理-->导入联系人:导入成功:
2018-10-23 09:47:55,606 - Import - INFO - 上报单明细-->导入订单:导入成功:
2018-10-23 09:48:00,479 - Import - INFO - 结束导出了--------------new_import
2018-10-23 09:48:00,479 - Import - INFO - 开始导出了--------------new_import1
2018-10-23 09:48:47,278 - Import - INFO - 客户区域设置-->导入区域:导入成功:
2018-10-23 09:48:50,623 - Import - INFO - 结束导出了--------------new_import1
2018-10-23 09:48:51,030 - Import - INFO - 已经截图并保存在:/Screenshot目录下
2018-10-23 09:48:51,031 - Import - INFO - 开始导出了--------------old_import
2018-10-23 09:49:06,315 - Import - INFO - 员工管理-->导入:导入成功:
2018-10-23 09:49:21,846 - Import - INFO - 指令-->导入指令:导入成功:
2018-10-23 09:49:42,595 - Import - INFO - 商品管理-->导入商品:导入成功:
2018-10-23 09:50:06,473 - Import - INFO - 商品管理-->导入商品图片:导入成功:
2018-10-23 09:50:10,066 - Import - INFO - 结束导出了--------------old_import
2018-10-23 09:50:10,066 - Import - INFO - 开始导出了--------------old_import1
2018-10-23 09:50:52,615 - Import - INFO - 商品类型设置-->导入分类:导入成功:
2018-10-23 09:51:19,032 - Import - INFO - 商品规格设置-->导入规格:导入成功:
2018-10-23 09:51:43,998 - Import - INFO - 包装单位设置-->导入包装单位:导入成功:
2018-10-23 09:51:47,339 - Import - INFO - 结束导出了--------------old_import1
2018-10-23 09:51:47,670 - Import - INFO - 已经截图并保存在:/Screenshot目录下
